Arguments: 
  C:\Program Files\nodejs\node.exe C:\Users\ddd\AppData\Roaming\npm\node_modules\yarn\bin\yarn.js add electron-packager -D

PATH: 
  C:\Users\ddd\anaconda3;C:\Users\ddd\anaconda3\Library\mingw-w64\bin;C:\Users\ddd\anaconda3\Library\usr\bin;C:\Users\ddd\anaconda3\Library\bin;C:\Users\ddd\anaconda3\Scripts;C:\Users\ddd\anaconda3\bin;C:\Users\ddd\anaconda3\condabin;C:\Program Files\WindowsApps\Microsoft.PowerShell_7.3.5.0_x64__8wekyb3d8bbwe;c:\Users\ddd\AppData\Local\Programs\Cursor\resources\app\bin;C:\Program Files\Eclipse Adoptium\jdk-17.0.7.7-hotspot\bin;C:\Program Files\Common Files\Oracle\Java\javapath;C:\Python311\Scripts;C:\Python311;C:\Program Files (x86)\VMware\VMware Workstation\bin;C:\WINDOWS\system32;C:\WINDOWS;C:\WINDOWS\System32\Wbem;C:\WINDOWS\System32\WindowsPowerShell\v1.0;C:\WINDOWS\System32\OpenSSH;C:\Program Files\Bandizip;C:\Program Files (x86)\NetSarang\Xshell 7;C:\Program Files\Calibre2;C:\texlive\2022\bin\win32;C:\Program Files\Git\cmd;C:\ProgramData\chocolatey\bin;C:\Program Files\nodejs;.;C:\Program Files\Streamlink\bin;C:\Users\ddd\AppData\Local\Microsoft\WindowsApps;C:\Users\ddd\AppData\Local\Programs\MiKTeX\miktex\bin\x64;C:\Users\ddd\Downloads\chromedriver_win32;C:\Users\ddd\AppData\Local\GitHubDesktop\bin;C:\Program Files\heroku\bin;C:\Users\ddd\AppData\Roaming\npm;c:\users\ddd\.local\bin;c:\users\ddd\appdata\roaming\python\python311\scripts;C:\Program Files\Je;C:\Users\ddd\AppData\Local\pnpm;C:\Users\ddd\AppData\Local\Microsoft\WindowsApps;C:\Users\ddd\AppData\Local\Programs\Microsoft VS Code\bin;C:\Users\ddd\AppData\Local\Programs\MiKTeX\miktex\bin\x64;C:\Users\ddd\Downloads\chromedriver_win32;C:\Users\ddd\AppData\Local\GitHubDesktop\bin;C:\Program Files\heroku\bin;C:\Users\ddd\AppData\Roaming\npm;c:\users\ddd\.local\bin;c:\users\ddd\appdata\roaming\python\python311\scripts;C:\Program Files\JetBrains\PyCharm 2022.1.4\bin;.;C:\Users\ddd\AppData\Local\JetBrains\Toolbox\scripts;.;C:\Program Files\JetBrains\IntelliJ IDEA 2022.1.4\bin;.;C:\Users\ddd\AppData\Local\Programs\Fiddler

Yarn version: 
  1.22.19

Node version: 
  18.15.0

Platform: 
  win32 x64

Trace: 
  Error: EEXIST: file already exists, mkdir 'C:\Users\ddd\firesale2\node_modules\node-fetch\node_modules'

npm manifest: 
  {
    "name": "firesale2",
    "version": "1.0.0",
    "description": "",
    "main": "firesale/main.js",
    "scripts": {
      "test": "npx playwright test",
      "start": "electron ."
    },
    "keywords": [],
    "author": "",
    "license": "ISC",
    "dependencies": {
      "clipboard-event": "^1.6.0",
      "dompurify": "^3.0.3",
      "electron": "^22.1.1",
      "jsdom": "^22.1.0",
      "marked": "^5.1.0",
      "menubar": "^9.3.0",
      "node-fetch": "^2.6.12",
      "source-map-support": "^0.5.21",
      "typescript": "^5.1.3"
    },
    "devDependencies": {
      "@playwright/test": "^1.35.1",
      "playwright-core": "^1.35.1"
    }
  }

yarn manifest: 
  No manifest

Lockfile: 
  No lockfile
